-------------------------------------------------------------------------------
Test set: TestScript.FBHomePageTest
-------------------------------------------------------------------------------
Tests run: 2, Failures: 1, Errors: 0, Skipped: 0, Time elapsed: 19.393 s <<< FAILURE! - in TestScript.FBHomePageTest
HomePageTest(TestScript.FBHomePageTest)  Time elapsed: 11.417 s  <<< FAILURE!
org.junit.ComparisonFailure: expected:<Sandeep[ S. ]Godse> but was:<Sandeep[.S.]Godse>
	at TestScript.FBHomePageTest.HomePageTest(FBHomePageTest.java:37)

