<?xml version="1.0" encoding="UTF-8"?>
<!-- Generated by org.testng.reporters.JUnitXMLReporter -->
<testsuite ignored="0" hostname="DESKTOP-9DLGQV9" failures="1" tests="2" name="Surefire test" time="18.235" errors="0" timestamp="2023-05-24T12:48:45 IST">
  <testcase classname="TestScript.FBHomePageTest" name="LoginTest" time="0.595"/>
  <testcase classname="TestScript.FBHomePageTest" name="HomePageTest" time="11.409">
    <failure type="org.junit.ComparisonFailure" message="expected:&amp;lt;Sandeep[ S. ]Godse&amp;gt; but was:&amp;lt;Sandeep[.S.]Godse&amp;gt;">
      <![CDATA[org.junit.ComparisonFailure: expected:<Sandeep[ S. ]Godse> but was:<Sandeep[.S.]Godse>
at org.junit.Assert.assertEquals(Assert.java:115)
at org.junit.Assert.assertEquals(Assert.java:144)
at TestScript.FBHomePageTest.HomePageTest(FBHomePageTest.java:37)
at java.base/java.util.ArrayList.forEach(ArrayList.java:1511)
... Removed 32 stack frames]]>
    </failure>
  </testcase> <!-- HomePageTest -->
</testsuite> <!-- Surefire test -->
