<?xml version="1.0" encoding="UTF-8"?>
<!-- Generated by org.testng.reporters.JUnitXMLReporter -->
<testsuite ignored="0" hostname="DESKTOP-9DLGQV9" failures="0" tests="3" name="Test" time="16.411" errors="0" timestamp="2023-05-24T14:39:42 IST">
  <testcase classname="TestScript.FBHomePageTest" name="LoginTest" time="0.508"/>
  <testcase classname="TestScript.FBHomePageTest" name="HomePageTest" time="9.348"/>
  <testcase classname="TestScript.FBHomePageTest" name="ScreenShot" time="0.701"/>
</testsuite> <!-- Test -->
