<?xml version="1.0" encoding="UTF-8"?>
<!-- Generated by org.testng.reporters.JUnitXMLReporter -->
<testsuite ignored="0" hostname="DESKTOP-9DLGQV9" failures="0" tests="3" name="Default test" time="19.293" errors="0" timestamp="2023-05-24T15:34:53 IST">
  <testcase classname="TestScript.FBHomePageTest" name="LoginTest" time="0.414"/>
  <testcase classname="TestScript.FBHomePageTest" name="HomePageTest" time="12.498"/>
  <testcase classname="TestScript.FBHomePageTest" name="ScreenShot" time="0.296"/>
</testsuite> <!-- Default test -->
